<?xml version="1.0" encoding="UTF-8"?>
<!-- Generated by org.testng.reporters.JUnitReportReporter -->
<testsuite hostname="LAPTOP-HJHP27R7" failures="0" tests="1" name="testNG_edit_wishlist" time="29.952" errors="0" timestamp="24 Apr 2022 18:15:59 GMT" skipped="0">
  <testcase classname="testNG_edit_wishlist" name="f" time="29.952"/>
</testsuite> <!-- testNG_edit_wishlist -->
