<?xml version="1.0" encoding="UTF-8"?>
<!-- Generated by org.testng.reporters.JUnitReportReporter -->
<testsuite hostname="LAPTOP-HJHP27R7" failures="0" tests="1" name="TestNG" time="36.786" errors="0" timestamp="24 Apr 2022 18:14:56 GMT" skipped="0">
  <testcase classname="TestNG" name="f" time="36.786"/>
</testsuite> <!-- TestNG -->
