<?xml version="1.0" encoding="UTF-8"?>
<!-- Generated by org.testng.reporters.JUnitReportReporter -->
<testsuite hostname="LAPTOP-HJHP27R7" failures="0" tests="1" name="testNG.Update_Account_Negative_ng" time="31.674" errors="0" timestamp="24 Apr 2022 21:48:01 GMT" skipped="0">
  <testcase classname="testNG.Update_Account_Negative_ng" name="f" time="31.674"/>
</testsuite> <!-- testNG.Update_Account_Negative_ng -->
