<?xml version="1.0" encoding="UTF-8"?>
<!-- Generated by org.testng.reporters.JUnitReportReporter -->
<testsuite hostname="LAPTOP-HJHP27R7" failures="0" tests="1" name="testNG.Create_whislist_ng" time="24.517" errors="0" timestamp="24 Apr 2022 21:35:06 GMT" skipped="0">
  <testcase classname="testNG.Create_whislist_ng" name="f" time="24.517"/>
</testsuite> <!-- testNG.Create_whislist_ng -->
