<?xml version="1.0" encoding="UTF-8"?>
<!-- Generated by org.testng.reporters.JUnitReportReporter -->
<testsuite hostname="LAPTOP-HJHP27R7" failures="0" tests="1" name="testNG.testNG_delete_wishlist" time="26.720" errors="0" timestamp="24 Apr 2022 21:14:45 GMT" skipped="0">
  <testcase classname="testNG.testNG_delete_wishlist" name="f" time="26.720"/>
</testsuite> <!-- testNG.testNG_delete_wishlist -->
